Determining if the pthread_create exist failed with the following output:
Change Dir: /home/harish/atlas_interface/build/CMakeFiles/CMakeTmp

Run Build Command:/usr/bin/make "cmTryCompileExec2536193393/fast"
/usr/bin/make -f CMakeFiles/cmTryCompileExec2536193393.dir/build.make CMakeFiles/cmTryCompileExec2536193393.dir/build
make[1]: Entering directory `/home/harish/atlas_interface/build/CMakeFiles/CMakeTmp'
/usr/bin/cmake -E cmake_progress_report /home/harish/atlas_interface/build/CMakeFiles/CMakeTmp/CMakeFiles 1
Building C object CMakeFiles/cmTryCompileExec2536193393.dir/CheckSymbolExists.c.o
/usr/bin/cc    -o CMakeFiles/cmTryCompileExec2536193393.dir/CheckSymbolExists.c.o   -c /home/harish/atlas_interface/build/CMakeFiles/CMakeTmp/CheckSymbolExists.c
Linking C executable cmTryCompileExec2536193393
/usr/bin/cmake -E cmake_link_script CMakeFiles/cmTryCompileExec2536193393.dir/link.txt --verbose=1
/usr/bin/cc       CMakeFiles/cmTryCompileExec2536193393.dir/CheckSymbolExists.c.o  -o cmTryCompileExec2536193393 -rdynamic 
CMakeFiles/cmTryCompileExec2536193393.dir/CheckSymbolExists.c.o: In function `main':
CheckSymbolExists.c:(.text+0x16): undefined reference to `pthread_create'
collect2: error: ld returned 1 exit status
make[1]: Leaving directory `/home/harish/atlas_interface/build/CMakeFiles/CMakeTmp'
make[1]: *** [cmTryCompileExec2536193393] Error 1
make: *** [cmTryCompileExec2536193393/fast] Error 2

File /home/harish/atlas_interface/build/CMakeFiles/CMakeTmp/CheckSymbolExists.c:
/* */
#include <pthread.h>

int main(int argc, char** argv)
{
  (void)argv;
#ifndef pthread_create
  return ((int*)(&pthread_create))[argc];
#else
  (void)argc;
  return 0;
#endif
}

Determining if the function pthread_create exists in the pthreads failed with the following output:
Change Dir: /home/harish/atlas_interface/build/CMakeFiles/CMakeTmp

Run Build Command:/usr/bin/make "cmTryCompileExec278509783/fast"
/usr/bin/make -f CMakeFiles/cmTryCompileExec278509783.dir/build.make CMakeFiles/cmTryCompileExec278509783.dir/build
make[1]: Entering directory `/home/harish/atlas_interface/build/CMakeFiles/CMakeTmp'
/usr/bin/cmake -E cmake_progress_report /home/harish/atlas_interface/build/CMakeFiles/CMakeTmp/CMakeFiles 1
Building C object CMakeFiles/cmTryCompileExec278509783.dir/CheckFunctionExists.c.o
/usr/bin/cc   -DCHECK_FUNCTION_EXISTS=pthread_create   -o CMakeFiles/cmTryCompileExec278509783.dir/CheckFunctionExists.c.o   -c /usr/share/cmake-2.8/Modules/CheckFunctionExists.c
Linking C executable cmTryCompileExec278509783
/usr/bin/cmake -E cmake_link_script CMakeFiles/cmTryCompileExec278509783.dir/link.txt --verbose=1
/usr/bin/cc   -DCHECK_FUNCTION_EXISTS=pthread_create    CMakeFiles/cmTryCompileExec278509783.dir/CheckFunctionExists.c.o  -o cmTryCompileExec278509783 -rdynamic -lpthreads 
/usr/bin/ld: cannot find -lpthreads
collect2: error: ld returned 1 exit status
make[1]: *** [cmTryCompileExec278509783] Error 1
make[1]: Leaving directory `/home/harish/atlas_interface/build/CMakeFiles/CMakeTmp'
make: *** [cmTryCompileExec278509783/fast] Error 2


